<?xml version="1.0" encoding="UTF-8"?>
<testng-results skipped="0" failed="0" ignored="0" total="1" passed="1">
  <reporter-output>
  </reporter-output>
  <suite name="Default suite" duration-ms="3541" started-at="2020-07-16T14:55:15 IST" finished-at="2020-07-16T14:55:19 IST">
    <groups>
    </groups>
    <test name="Default test" duration-ms="3541" started-at="2020-07-16T14:55:15 IST" finished-at="2020-07-16T14:55:19 IST">
      <class name="AddPlaceSpecBuilder">
        <test-method status="PASS" signature="beforeSuite()[pri:0, instance:AddPlaceSpecBuilder@a7e666]" name="beforeSuite" is-config="true" duration-ms="1047" started-at="2020-07-16T14:55:14 IST" finished-at="2020-07-16T14:55:15 IST">
          <reporter-output>
          </reporter-output>
        </test-method> <!-- beforeSuite -->
        <test-method status="PASS" signature="beforeMethod()[pri:0, instance:AddPlaceSpecBuilder@a7e666]" name="beforeMethod" is-config="true" duration-ms="0" started-at="2020-07-16T14:55:15 IST" finished-at="2020-07-16T14:55:15 IST">
          <reporter-output>
          </reporter-output>
        </test-method> <!-- beforeMethod -->
        <test-method status="PASS" signature="addPlacepojo()[pri:0, instance:AddPlaceSpecBuilder@a7e666]" name="addPlacepojo" duration-ms="3479" started-at="2020-07-16T14:55:15 IST" finished-at="2020-07-16T14:55:19 IST">
          <reporter-output>
          </reporter-output>
        </test-method> <!-- addPlacepojo -->
      </class> <!-- AddPlaceSpecBuilder -->
    </test> <!-- Default test -->
  </suite> <!-- Default suite -->
</testng-results>
